Arguments: 
  C:\Program Files\nodejs\node.exe C:\Users\USER\AppData\Roaming\npm\node_modules\yarn\bin\yarn.js install

PATH: 
  C:\WINDOWS\system32;C:\WINDOWS;C:\WINDOWS\System32\Wbem;C:\WINDOWS\System32\WindowsPowerShell\v1.0\;C:\WINDOWS\System32\OpenSSH\;C:\Program Files\nodejs\;C:\Program Files\Git\cmd;C:\Users\USER\AppData\Local\Microsoft\WindowsApps;C:\Users\USER\AppData\Roaming\npm;C:\Users\USER\AppData\Local\GitHubDesktop\bin;C:\Users\USER\AppData\Local\Programs\Hyper\resources\bin;C:\Users\USER\AppData\Local\Programs\Microsoft VS Code\bin

Yarn version: 
  1.22.19

Node version: 
  16.17.1

Platform: 
  win32 x64

Trace: 
  Error: connect ECONNABORTED 104.16.27.35:443
      at TCPConnectWrap.afterConnect [as oncomplete] (node:net:1247:16)

npm manifest: 
  {
    "name": "nextjs",
    "version": "0.1.0",
    "private": true,
    "scripts": {
      "dev": "next dev",
      "build": "next build",
      "start": "next start",
      "lint": "next lint"
    },
    "dependencies": {
      "@iconicicons/react": "^1.5.1",
      "@icons-pack/react-simple-icons": "^6.2.0",
      "@next/font": "13.1.6",
      "@types/node": "18.13.0",
      "@types/react": "18.0.28",
      "@types/react-dom": "18.0.10",
      "@vercel/analytics": "^0.1.8",
      "@vercel/og": "^0.0.27",
      "eslint": "8.34.0",
      "eslint-config-next": "13.1.6",
      "framer-motion": "^8.5.4",
      "next": "13.1.6",
      "react": "18.2.0",
      "react-dom": "18.2.0",
      "typescript": "4.9.5"
    }
  }

yarn manifest: 
  No manifest

Lockfile: 
  No lockfile
